<?xml version="1.0" encoding="UTF-8"?>
<!-- Generated by org.testng.reporters.JUnitXMLReporter -->
<testsuite ignored="7" hostname="DESKTOP-02MD96E" failures="0" tests="1" name="Default test" time="20.756" errors="0" timestamp="2023-10-13T14:40:19 IST">
  <testcase classname="testCase.TC01" name="Location" time="12.566"/>
  <testcase classname="testCase.TC01" name="verifyHome" time="0.0">
    <ignored/>
  </testcase> <!-- verifyHome -->
  <testcase classname="testCase.TC01" name="verifyCookiesHandle" time="0.0">
    <ignored/>
  </testcase> <!-- verifyCookiesHandle -->
  <testcase classname="testCase.TC01" name="verifyLogin" time="0.0">
    <ignored/>
  </testcase> <!-- verifyLogin -->
  <testcase classname="testCase.TC01" name="scrollDownMethod" time="0.0">
    <ignored/>
  </testcase> <!-- scrollDownMethod -->
  <testcase classname="testCase.TC01" name="fav_btn" time="0.0">
    <ignored/>
  </testcase> <!-- fav_btn -->
  <testcase classname="testCase.TC01" name="verifyButton" time="0.0">
    <ignored/>
  </testcase> <!-- verifyButton -->
  <testcase classname="testCase.TC01" name="verifySearch" time="0.0">
    <ignored/>
  </testcase> <!-- verifySearch -->
</testsuite> <!-- Default test -->
