<?xml version="1.0" encoding="UTF-8"?>
<testng-results ignored="0" total="1" passed="1" failed="0" skipped="0">
  <reporter-output>
  </reporter-output>
  <suite started-at="2023-10-13T14:39:58 IST" name="Default suite" finished-at="2023-10-13T14:40:19 IST" duration-ms="20756">
    <groups>
    </groups>
    <test started-at="2023-10-13T14:39:58 IST" name="Default test" finished-at="2023-10-13T14:40:19 IST" duration-ms="20756">
      <class name="testCase.TC01">
        <test-method is-config="true" signature="BeforeMethod()[pri:0, instance:testCase.TC01@5afa3c9]" started-at="2023-10-13T14:39:58 IST" name="BeforeMethod" finished-at="2023-10-13T14:40:06 IST" duration-ms="8150" status="PASS">
          <reporter-output>
          </reporter-output>
        </test-method> <!-- BeforeMethod -->
        <test-method signature="Location()[pri:6, instance:testCase.TC01@5afa3c9]" started-at="2023-10-13T14:40:06 IST" name="Location" finished-at="2023-10-13T14:40:19 IST" duration-ms="12566" status="PASS">
          <reporter-output>
          </reporter-output>
        </test-method> <!-- Location -->
      </class> <!-- testCase.TC01 -->
    </test> <!-- Default test -->
  </suite> <!-- Default suite -->
</testng-results>
